package configuration for openssl is not found
have_library: checking for main() in -lssl... -------------------- no

"gcc -o conftest -IC:/ruby/include/ruby-1.9.1/i386-mingw32 -IC:/ruby/include/ruby-1.9.1/ruby/backward -IC:/ruby/include/ruby-1.9.1 -I.     -O3 -fno-omit-frame-pointer -g -Wextra -Wno-unused-parameter -Wno-parentheses -Wno-long-long -Wno-missing-field-initializers -Wpointer-arith -Wwrite-strings -Wdeclaration-after-statement -Wimplicit-function-declaration conftest.c  -L. -LC:/ruby/lib -L.      -lmsvcrt-ruby191  -lshell32 -lws2_32 -limagehlp  "
checked program was:
/* begin */
1: #include "ruby.h"
2: 
3: #include <winsock2.h>
4: #include <windows.h>
5: int main() {return 0;}
/* end */

"gcc -o conftest -IC:/ruby/include/ruby-1.9.1/i386-mingw32 -IC:/ruby/include/ruby-1.9.1/ruby/backward -IC:/ruby/include/ruby-1.9.1 -I.     -O3 -fno-omit-frame-pointer -g -Wextra -Wno-unused-parameter -Wno-parentheses -Wno-long-long -Wno-missing-field-initializers -Wpointer-arith -Wwrite-strings -Wdeclaration-after-statement -Wimplicit-function-declaration conftest.c  -L. -LC:/ruby/lib -L.      -lmsvcrt-ruby191  -lssl -lshell32 -lws2_32 -limagehlp  "
c:/rubydevkit/mingw/bin/../lib/gcc/mingw32/4.5.2/../../../../mingw32/bin/ld.exe: cannot find -lssl
collect2: ld returned 1 exit status
checked program was:
/* begin */
1: #include "ruby.h"
2: 
3: #include <winsock2.h>
4: #include <windows.h>
5: 
6: /*top*/
7: int main() {return 0;}
8: int t() { void ((*volatile p)()); p = (void ((*)()))main; return 0; }
/* end */

"gcc -o conftest -IC:/ruby/include/ruby-1.9.1/i386-mingw32 -IC:/ruby/include/ruby-1.9.1/ruby/backward -IC:/ruby/include/ruby-1.9.1 -I.     -O3 -fno-omit-frame-pointer -g -Wextra -Wno-unused-parameter -Wno-parentheses -Wno-long-long -Wno-missing-field-initializers -Wpointer-arith -Wwrite-strings -Wdeclaration-after-statement -Wimplicit-function-declaration conftest.c  -L. -LC:/ruby/lib -L.      -lmsvcrt-ruby191  -lssl -lshell32 -lws2_32 -limagehlp  "
c:/rubydevkit/mingw/bin/../lib/gcc/mingw32/4.5.2/../../../../mingw32/bin/ld.exe: cannot find -lssl
collect2: ld returned 1 exit status
checked program was:
/* begin */
1: #include "ruby.h"
2: 
3: #include <winsock2.h>
4: #include <windows.h>
5: 
6: /*top*/
7: int main() {return 0;}
8: int t() { main(); return 0; }
/* end */

--------------------

have_var: checking for rb_trap_immediate in ruby.h,rubysig.h... -------------------- no

"gcc -IC:/ruby/include/ruby-1.9.1/i386-mingw32 -IC:/ruby/include/ruby-1.9.1/ruby/backward -IC:/ruby/include/ruby-1.9.1 -I.     -O3 -fno-omit-frame-pointer -g -Wextra -Wno-unused-parameter -Wno-parentheses -Wno-long-long -Wno-missing-field-initializers -Wpointer-arith -Wwrite-strings -Wdeclaration-after-statement -Wimplicit-function-declaration   -c conftest.c"
In file included from conftest.c:6:0:
C:/ruby/include/ruby-1.9.1/ruby/backward/rubysig.h:14:2: warning: #warning rubysig.h is obsolete
conftest.c: In function 't':
conftest.c:10:51: error: 'rb_trap_immediate' undeclared (first use in this function)
conftest.c:10:51: note: each undeclared identifier is reported only once for each function it appears in
checked program was:
/* begin */
 1: #include "ruby.h"
 2: 
 3: #include <winsock2.h>
 4: #include <windows.h>
 5: #include <ruby.h>
 6: #include <rubysig.h>
 7: 
 8: /*top*/
 9: int main() {return 0;}
10: int t() { const volatile void *volatile p; p = &(&rb_trap_immediate)[0]; return 0; }
/* end */

--------------------

have_func: checking for rb_thread_blocking_region()... -------------------- yes

"gcc -o conftest -IC:/ruby/include/ruby-1.9.1/i386-mingw32 -IC:/ruby/include/ruby-1.9.1/ruby/backward -IC:/ruby/include/ruby-1.9.1 -I.     -O3 -fno-omit-frame-pointer -g -Wextra -Wno-unused-parameter -Wno-parentheses -Wno-long-long -Wno-missing-field-initializers -Wpointer-arith -Wwrite-strings -Wdeclaration-after-statement -Wimplicit-function-declaration conftest.c  -L. -LC:/ruby/lib -L.      -lmsvcrt-ruby191  -lshell32 -lws2_32 -limagehlp  "
checked program was:
/* begin */
1: #include "ruby.h"
2: 
3: #include <winsock2.h>
4: #include <windows.h>
5: 
6: /*top*/
7: int main() {return 0;}
8: int t() { void ((*volatile p)()); p = (void ((*)()))rb_thread_blocking_region; return 0; }
/* end */

--------------------

have_func: checking for inotify_init() in sys/inotify.h... -------------------- no

"gcc -o conftest -IC:/ruby/include/ruby-1.9.1/i386-mingw32 -IC:/ruby/include/ruby-1.9.1/ruby/backward -IC:/ruby/include/ruby-1.9.1 -I.     -O3 -fno-omit-frame-pointer -g -Wextra -Wno-unused-parameter -Wno-parentheses -Wno-long-long -Wno-missing-field-initializers -Wpointer-arith -Wwrite-strings -Wdeclaration-after-statement -Wimplicit-function-declaration conftest.c  -L. -LC:/ruby/lib -L.      -lmsvcrt-ruby191  -lshell32 -lws2_32 -limagehlp  "
conftest.c:5:25: fatal error: sys/inotify.h: No such file or directory
compilation terminated.
checked program was:
/* begin */
1: #include "ruby.h"
2: 
3: #include <winsock2.h>
4: #include <windows.h>
5: #include <sys/inotify.h>
6: 
7: /*top*/
8: int main() {return 0;}
9: int t() { void ((*volatile p)()); p = (void ((*)()))inotify_init; return 0; }
/* end */

"gcc -o conftest -IC:/ruby/include/ruby-1.9.1/i386-mingw32 -IC:/ruby/include/ruby-1.9.1/ruby/backward -IC:/ruby/include/ruby-1.9.1 -I.     -O3 -fno-omit-frame-pointer -g -Wextra -Wno-unused-parameter -Wno-parentheses -Wno-long-long -Wno-missing-field-initializers -Wpointer-arith -Wwrite-strings -Wdeclaration-after-statement -Wimplicit-function-declaration conftest.c  -L. -LC:/ruby/lib -L.      -lmsvcrt-ruby191  -lshell32 -lws2_32 -limagehlp  "
conftest.c:5:25: fatal error: sys/inotify.h: No such file or directory
compilation terminated.
checked program was:
/* begin */
1: #include "ruby.h"
2: 
3: #include <winsock2.h>
4: #include <windows.h>
5: #include <sys/inotify.h>
6: 
7: /*top*/
8: int main() {return 0;}
9: int t() { inotify_init(); return 0; }
/* end */

--------------------

have_macro: checking for __NR_inotify_init in sys/syscall.h... -------------------- no

"gcc -IC:/ruby/include/ruby-1.9.1/i386-mingw32 -IC:/ruby/include/ruby-1.9.1/ruby/backward -IC:/ruby/include/ruby-1.9.1 -I.     -O3 -fno-omit-frame-pointer -g -Wextra -Wno-unused-parameter -Wno-parentheses -Wno-long-long -Wno-missing-field-initializers -Wpointer-arith -Wwrite-strings -Wdeclaration-after-statement -Wimplicit-function-declaration   -c conftest.c"
conftest.c:5:25: fatal error: sys/syscall.h: No such file or directory
compilation terminated.
checked program was:
/* begin */
 1: #include "ruby.h"
 2: 
 3: #include <winsock2.h>
 4: #include <windows.h>
 5: #include <sys/syscall.h>
 6: /*top*/
 7: #ifndef __NR_inotify_init
 8: # error
 9: >>>>>> __NR_inotify_init undefined <<<<<<
10: #endif
/* end */

--------------------

have_func: checking for writev() in sys/uio.h... -------------------- no

"gcc -o conftest -IC:/ruby/include/ruby-1.9.1/i386-mingw32 -IC:/ruby/include/ruby-1.9.1/ruby/backward -IC:/ruby/include/ruby-1.9.1 -I.     -O3 -fno-omit-frame-pointer -g -Wextra -Wno-unused-parameter -Wno-parentheses -Wno-long-long -Wno-missing-field-initializers -Wpointer-arith -Wwrite-strings -Wdeclaration-after-statement -Wimplicit-function-declaration conftest.c  -L. -LC:/ruby/lib -L.      -lmsvcrt-ruby191  -lshell32 -lws2_32 -limagehlp  "
conftest.c:5:21: fatal error: sys/uio.h: No such file or directory
compilation terminated.
checked program was:
/* begin */
1: #include "ruby.h"
2: 
3: #include <winsock2.h>
4: #include <windows.h>
5: #include <sys/uio.h>
6: 
7: /*top*/
8: int main() {return 0;}
9: int t() { void ((*volatile p)()); p = (void ((*)()))writev; return 0; }
/* end */

"gcc -o conftest -IC:/ruby/include/ruby-1.9.1/i386-mingw32 -IC:/ruby/include/ruby-1.9.1/ruby/backward -IC:/ruby/include/ruby-1.9.1 -I.     -O3 -fno-omit-frame-pointer -g -Wextra -Wno-unused-parameter -Wno-parentheses -Wno-long-long -Wno-missing-field-initializers -Wpointer-arith -Wwrite-strings -Wdeclaration-after-statement -Wimplicit-function-declaration conftest.c  -L. -LC:/ruby/lib -L.      -lmsvcrt-ruby191  -lshell32 -lws2_32 -limagehlp  "
conftest.c:5:21: fatal error: sys/uio.h: No such file or directory
compilation terminated.
checked program was:
/* begin */
1: #include "ruby.h"
2: 
3: #include <winsock2.h>
4: #include <windows.h>
5: #include <sys/uio.h>
6: 
7: /*top*/
8: int main() {return 0;}
9: int t() { writev(); return 0; }
/* end */

--------------------

have_func: checking for rb_thread_check_ints()... -------------------- yes

"gcc -o conftest -IC:/ruby/include/ruby-1.9.1/i386-mingw32 -IC:/ruby/include/ruby-1.9.1/ruby/backward -IC:/ruby/include/ruby-1.9.1 -I.     -O3 -fno-omit-frame-pointer -g -Wextra -Wno-unused-parameter -Wno-parentheses -Wno-long-long -Wno-missing-field-initializers -Wpointer-arith -Wwrite-strings -Wdeclaration-after-statement -Wimplicit-function-declaration conftest.c  -L. -LC:/ruby/lib -L.      -lmsvcrt-ruby191  -lshell32 -lws2_32 -limagehlp  "
checked program was:
/* begin */
1: #include "ruby.h"
2: 
3: #include <winsock2.h>
4: #include <windows.h>
5: 
6: /*top*/
7: int main() {return 0;}
8: int t() { void ((*volatile p)()); p = (void ((*)()))rb_thread_check_ints; return 0; }
/* end */

--------------------

have_func: checking for rb_time_new()... -------------------- yes

"gcc -o conftest -IC:/ruby/include/ruby-1.9.1/i386-mingw32 -IC:/ruby/include/ruby-1.9.1/ruby/backward -IC:/ruby/include/ruby-1.9.1 -I.     -O3 -fno-omit-frame-pointer -g -Wextra -Wno-unused-parameter -Wno-parentheses -Wno-long-long -Wno-missing-field-initializers -Wpointer-arith -Wwrite-strings -Wdeclaration-after-statement -Wimplicit-function-declaration conftest.c  -L. -LC:/ruby/lib -L.      -lmsvcrt-ruby191  -lshell32 -lws2_32 -limagehlp  "
checked program was:
/* begin */
1: #include "ruby.h"
2: 
3: #include <winsock2.h>
4: #include <windows.h>
5: 
6: /*top*/
7: int main() {return 0;}
8: int t() { void ((*volatile p)()); p = (void ((*)()))rb_time_new; return 0; }
/* end */

--------------------

have_header: checking for windows.h... -------------------- yes

"gcc -E -IC:/ruby/include/ruby-1.9.1/i386-mingw32 -IC:/ruby/include/ruby-1.9.1/ruby/backward -IC:/ruby/include/ruby-1.9.1 -I.     -O3 -fno-omit-frame-pointer -g -Wextra -Wno-unused-parameter -Wno-parentheses -Wno-long-long -Wno-missing-field-initializers -Wpointer-arith -Wwrite-strings -Wdeclaration-after-statement -Wimplicit-function-declaration  conftest.c -o conftest.i"
checked program was:
/* begin */
1: #include "ruby.h"
2: 
3: #include <winsock2.h>
4: #include <windows.h>
5: #include <windows.h>
/* end */

--------------------

have_header: checking for winsock.h... -------------------- yes

"gcc -E -IC:/ruby/include/ruby-1.9.1/i386-mingw32 -IC:/ruby/include/ruby-1.9.1/ruby/backward -IC:/ruby/include/ruby-1.9.1 -I.     -O3 -fno-omit-frame-pointer -g -Wextra -Wno-unused-parameter -Wno-parentheses -Wno-long-long -Wno-missing-field-initializers -Wpointer-arith -Wwrite-strings -Wdeclaration-after-statement -Wimplicit-function-declaration  conftest.c -o conftest.i"
checked program was:
/* begin */
1: #include "ruby.h"
2: 
3: #include <winsock2.h>
4: #include <windows.h>
5: #include <winsock.h>
/* end */

--------------------

have_library: checking for main() in -lkernel32... -------------------- yes

"gcc -o conftest -IC:/ruby/include/ruby-1.9.1/i386-mingw32 -IC:/ruby/include/ruby-1.9.1/ruby/backward -IC:/ruby/include/ruby-1.9.1 -I.     -O3 -fno-omit-frame-pointer -g -Wextra -Wno-unused-parameter -Wno-parentheses -Wno-long-long -Wno-missing-field-initializers -Wpointer-arith -Wwrite-strings -Wdeclaration-after-statement -Wimplicit-function-declaration conftest.c  -L. -LC:/ruby/lib -L.      -lmsvcrt-ruby191  -lkernel32 -lshell32 -lws2_32 -limagehlp  "
checked program was:
/* begin */
1: #include "ruby.h"
2: 
3: #include <winsock2.h>
4: #include <windows.h>
5: 
6: /*top*/
7: int main() {return 0;}
8: int t() { void ((*volatile p)()); p = (void ((*)()))main; return 0; }
/* end */

--------------------

have_library: checking for main() in -lrpcrt4... -------------------- yes

"gcc -o conftest -IC:/ruby/include/ruby-1.9.1/i386-mingw32 -IC:/ruby/include/ruby-1.9.1/ruby/backward -IC:/ruby/include/ruby-1.9.1 -I.     -O3 -fno-omit-frame-pointer -g -Wextra -Wno-unused-parameter -Wno-parentheses -Wno-long-long -Wno-missing-field-initializers -Wpointer-arith -Wwrite-strings -Wdeclaration-after-statement -Wimplicit-function-declaration conftest.c  -L. -LC:/ruby/lib -L.      -lkernel32 -lmsvcrt-ruby191  -lkernel32 -lrpcrt4 -lshell32 -lws2_32 -limagehlp  "
checked program was:
/* begin */
1: #include "ruby.h"
2: 
3: #include <winsock2.h>
4: #include <windows.h>
5: 
6: /*top*/
7: int main() {return 0;}
8: int t() { void ((*volatile p)()); p = (void ((*)()))main; return 0; }
/* end */

--------------------

have_library: checking for main() in -lgdi32... -------------------- yes

"gcc -o conftest -IC:/ruby/include/ruby-1.9.1/i386-mingw32 -IC:/ruby/include/ruby-1.9.1/ruby/backward -IC:/ruby/include/ruby-1.9.1 -I.     -O3 -fno-omit-frame-pointer -g -Wextra -Wno-unused-parameter -Wno-parentheses -Wno-long-long -Wno-missing-field-initializers -Wpointer-arith -Wwrite-strings -Wdeclaration-after-statement -Wimplicit-function-declaration conftest.c  -L. -LC:/ruby/lib -L.      -lkernel32 -lrpcrt4 -lmsvcrt-ruby191  -lkernel32 -lrpcrt4 -lgdi32 -lshell32 -lws2_32 -limagehlp  "
checked program was:
/* begin */
1: #include "ruby.h"
2: 
3: #include <winsock2.h>
4: #include <windows.h>
5: 
6: /*top*/
7: int main() {return 0;}
8: int t() { void ((*volatile p)()); p = (void ((*)()))main; return 0; }
/* end */

--------------------

"g++ -o conftest -IC:/ruby/include/ruby-1.9.1/i386-mingw32 -IC:/ruby/include/ruby-1.9.1/ruby/backward -IC:/ruby/include/ruby-1.9.1 -I.     -O3 -fno-omit-frame-pointer -g -Wextra -Wno-unused-parameter -Wno-parentheses -Wno-long-long -Wno-missing-field-initializers -Wpointer-arith -Wwrite-strings -Wdeclaration-after-statement -Wimplicit-function-declaration conftest.c  -L. -LC:/ruby/lib -L.      -lkernel32 -lrpcrt4 -lgdi32 -lmsvcrt-ruby191 -lstdc++ -lshell32 -lws2_32 -limagehlp  "
cc1plus.exe: warning: command line option "-Wdeclaration-after-statement" is valid for C/ObjC but not for C++
cc1plus.exe: warning: command line option "-Wimplicit-function-declaration" is valid for C/ObjC but not for C++
checked program was:
/* begin */
1: #include "ruby.h"
2: 
3: #include <winsock2.h>
4: #include <windows.h>
5:   #include <utility>
6:   using namespace std;
7:   int main(){ pair<int,int> tuple = make_pair(1,2); }
/* end */

